MPASM 5.60  /USERS/ADMIN/DESKTOP/X/EJERCICIO   1-25-2015  17:02:19         PAGE  1


LOC  OBJECT CODE     LINE SOURCE TEXT
  VALUE

                      00001 ;Realizar una rotación 4 veces hacia la derecha de un registro de valor '10110000'
                      00002         list p=16f84
                      00003 
  0000000A            00004 reg1    equ     0X0A        ;direccion en Hexadecimal del operando1
                      00005 
                      00006 reset   org     0           ;el vector de reset es la dirección 00
0000   2???           00007         goto    inicio      ;se salta al inicio del programa
                      00008         org     5           ;el programa empieza en la dirección 05
                      00009 
0005   30B0           00010 inicio  movlw   b'10110000' ;se carga el 0CH en el registro w
0006   008A           00011         movwf   reg1        ;se carga el registro w en reg1
0007   0C8A           00012         rrf     reg1,1      ;rotamos a la derecha
0008   0C8A           00013         rrf     reg1,1
0009   0C8A           00014         rrf     reg1,1
000A   0C8A           00015         rrf     reg1,1
                      00016 
                      00017 
                      00018         end                 ;fin del programa
MPASM 5.60  /USERS/ADMIN/DESKTOP/X/EJERCICIO   1-25-2015  17:02:19         PAGE  2


SYMBOL TABLE
  LABEL                             VALUE 

__16F84                           00000001
__DEBUG                           
inicio                            00000005
reg1                              0000000A
reset                             00000000

Errors   :     0
Warnings :     0 reported,     0 suppressed
Messages :     0 reported,     0 suppressed

