MPASM 5.60  /USERS/ADMIN/DESKTOP/X/EJEMPLO6.   1-25-2015  13:53:08         PAGE  1


LOC  OBJECT CODE     LINE SOURCE TEXT
  VALUE

                      00001 ;Este programa realiza la operación AND entre dos registros.
                      00002 
                      00003        list p=16f84
                      00004 
  000000A0            00005 reg1    equ     0XA0        ;dirección en Hexa de reg1
  000000A1            00006 reg2    equ     0XA1        ;dirección en Hexa de reg2
  000000A2            00007 result  equ     0XA2        ;dirección en Hexa de result
                      00008 
                      00009 reset   org     0           ;el vector de reset es la dirección 00
0000   2???           00010         goto    inicio      ;se salta al inicio del programa
                      00011 
                      00012         org     5           ;el programa empieza en la dirección 05
                      00013 
0005   3073           00014 inicio  movlw   b'01110011' ;cargamos el 73H en el registro w
Message[302]: Register in operand not in bank 0.  Ensure that bank bits are correct.
0006   00A0           00015         movwf   reg1        ;cargamos el registro w en reg1
0007   3055           00016         movlw   b'01010101' ;cargamos el 55H en el registro w
Message[302]: Register in operand not in bank 0.  Ensure that bank bits are correct.
0008   00A1           00017         movwf   reg2        ;cargamos el registro w en reg2
                      00018 
Message[302]: Register in operand not in bank 0.  Ensure that bank bits are correct.
0009   0520           00019         andwf   reg1,0      ;realizamos AND entre reg1 y w, lo almacenamos en w
Message[302]: Register in operand not in bank 0.  Ensure that bank bits are correct.
000A   00A2           00020         movwf   result      ;cargamos el registro w en result
                      00021 
                      00022         end                 ;termina el programa
MPASM 5.60  /USERS/ADMIN/DESKTOP/X/EJEMPLO6.   1-25-2015  13:53:08         PAGE  2


SYMBOL TABLE
  LABEL                             VALUE 

__16F84                           00000001
inicio                            00000005
reg1                              000000A0
reg2                              000000A1
reset                             00000000
result                            000000A2

Errors   :     0
Warnings :     0 reported,     0 suppressed
Messages :     4 reported,     0 suppressed

