MPASM 5.60  /USERS/ADMIN/DESKTOP/X/EJERCICIO   1-25-2015  11:27:12         PAGE  1


LOC  OBJECT CODE     LINE SOURCE TEXT
  VALUE

                      00001 ;Restar dos números binarios y almacenar el resultado en la dirección 0x10.
                      00002 
                      00003         list p=16f84
  0000000A            00004 resta   equ     0X0A
  0000000B            00005 result  equ     0X0B
                      00006 
                      00007 reset   org     0
0000   2???           00008         goto    inicio
                      00009         org     5
                      00010 
0005   3007           00011 inicio  movlw   b'0111'
0006   008A           00012         movwf   resta
0007   3001           00013         movlw   b'0001'
0008   020A           00014         subwf   resta,0
0009   008B           00015         movwf   result
                      00016 
                      00017         end
MPASM 5.60  /USERS/ADMIN/DESKTOP/X/EJERCICIO   1-25-2015  11:27:12         PAGE  2


SYMBOL TABLE
  LABEL                             VALUE 

__16F84                           00000001
__DEBUG                           
inicio                            00000005
reset                             00000000
resta                             0000000A
result                            0000000B

Errors   :     0
Warnings :     0 reported,     0 suppressed
Messages :     0 reported,     0 suppressed

