MPASM 5.60  /USERS/ADMIN/DESKTOP/X/EJEMPLO2.   1-20-2015  17:59:32         PAGE  1


LOC  OBJECT CODE     LINE SOURCE TEXT
  VALUE

                      00001         list p=16f84    ;microchip
                      00002 
  0000000C            00003 suma1   equ     0X0C    ;dirección hexadecimal del operando1
  0000000E            00004 result  equ     0X0E    ;dirección en Hexadecimal
                      00005 
                      00006 
                      00007 
Error[129]  : Expected (END)
MPASM 5.60  /USERS/ADMIN/DESKTOP/X/EJEMPLO2.   1-20-2015  17:59:32         PAGE  2


SYMBOL TABLE
  LABEL                             VALUE 

__16F84                           00000001
result                            0000000E
suma1                             0000000C

Errors   :     1
Warnings :     0 reported,     0 suppressed
Messages :     0 reported,     0 suppressed

