MPASM 5.60  /USERS/ADMIN/DESKTOP/X/EJEMPLO2.   1-20-2015  18:11:29         PAGE  1


LOC  OBJECT CODE     LINE SOURCE TEXT
  VALUE

                      00001 ;Este programa suma 0001 y 0010 en binario.
                      00002 
                      00003         list p=16f84     ;microchip
                      00004 
  0000000C            00005 suma1   equ     0X0C    ;dirección hexadecimal del operando1
  0000000E            00006 result  equ     0X0E    ;dirección en Hexadecimal
                      00007 
                      00008 ;------------------------------------------------
                      00009 
                      00010 reset   org     0       ;el vector de reset es la dirección 00
0000   2???           00011         goto    inicio  ;se salta al inicio del programa
                      00012         org     5       ;el programa inicia en la dirección
                      00013 
                      00014 
0005   3001           00015 inicio  movlw   b'0001' ;se carga el 0001 binario
0006   008C           00016         movwf   suma1   ;se carga el registro w en la dirección de memoria de suma1
0007   3002           00017         movlw   b'0010' ;se carga el 0010 en binario
0008   070C           00018         addwf   suma1,0 ;se suma el valor en W y suma1, y el resultado se queda en W
0009   008E           00019         movwf   result   ;se carga el registro W en la dirección de memoria de result
                      00020 
                      00021         end
MPASM 5.60  /USERS/ADMIN/DESKTOP/X/EJEMPLO2.   1-20-2015  18:11:29         PAGE  2


SYMBOL TABLE
  LABEL                             VALUE 

__16F84                           00000001
__DEBUG                           
inicio                            00000005
reset                             00000000
result                            0000000E
suma1                             0000000C

Errors   :     0
Warnings :     0 reported,     0 suppressed
Messages :     0 reported,     0 suppressed

