MPASM 5.60  /USERS/ADMIN/DESKTOP/X/EJEMPLO7.   1-25-2015  14:10:17         PAGE  1


LOC  OBJECT CODE     LINE SOURCE TEXT
  VALUE

                      00001 ;Este programa realiza la operación OR entre dos registros
                      00002         list p=16f84
                      00003 
  000000A0            00004 reg1    equ     0XA0        ;dirección en Hexa del registro1
  000000A1            00005 reg2    equ     0XA1        ;dirección en Hexa del registro2
  000000A2            00006 result  equ     0XA2        ;dirección en Hexa de result
                      00007 
                      00008 reset   org     0           ;el vector de reset es 00
0000   2???           00009         goto    inicio      ;se salta al inicio del programa
                      00010         org     5           ;el programa empieza en la dirección 05
                      00011 
0005   300C           00012 inicio  movlw   b'00001100' ;se carga OCH en el registro w
Message[302]: Register in operand not in bank 0.  Ensure that bank bits are correct.
0006   00A0           00013         movwf   reg1        ;se carga el registro w en reg1
0007   3830           00014         iorlw   b'00110000' ;realizamos OR entre w y 30H y lo almacenamos en w
Message[302]: Register in operand not in bank 0.  Ensure that bank bits are correct.
0008   00A2           00015         movwf   result      ;se carga e registro w en result
                      00016         end                 ;fin del programa
MPASM 5.60  /USERS/ADMIN/DESKTOP/X/EJEMPLO7.   1-25-2015  14:10:17         PAGE  2


SYMBOL TABLE
  LABEL                             VALUE 

__16F84                           00000001
inicio                            00000005
reg1                              000000A0
reg2                              000000A1
reset                             00000000
result                            000000A2

Errors   :     0
Warnings :     0 reported,     0 suppressed
Messages :     2 reported,     0 suppressed

