MPASM 5.60  /USERS/ADMIN/DESKTOP/X/EJEMPLO3.   1-20-2015  18:20:03         PAGE  1


LOC  OBJECT CODE     LINE SOURCE TEXT
  VALUE

                      00001 ;Este programa suma en binario 3 numeros, 0001, 0010 y 0011
                      00002 
                      00003         list p=16f84
  0000000C            00004 suma1   equ     0X0C
  0000000E            00005 result  equ     0X0E
                      00006 
                      00007 reset   org     0
0000   2???           00008         goto    inicio
                      00009         org     5
                      00010 
0005   3001           00011 inicio  movlw   b'0001'
0006   008C           00012         movwf   suma1
0007   3002           00013         movlw   b'0010'
0008   078C           00014         addwf   suma1,1
0009   3003           00015         movlw   b'0011'
000A   070C           00016         addwf   suma1,0
000B   008E           00017         movwf   result
                      00018 
                      00019         end
MPASM 5.60  /USERS/ADMIN/DESKTOP/X/EJEMPLO3.   1-20-2015  18:20:03         PAGE  2


SYMBOL TABLE
  LABEL                             VALUE 

__16F84                           00000001
inicio                            00000005
reset                             00000000
result                            0000000E
suma1                             0000000C

Errors   :     0
Warnings :     0 reported,     0 suppressed
Messages :     0 reported,     0 suppressed

